1231 09:16:30,802 jclass INFO  Hi Log,Sublime Test
1231 10:08:11,896 com.eagle.test.jclass INFO  Hi Log,Sublime Test
1231 10:08:21,407 com.eagle.test.jclass INFO  Hi Log,Sublime Test
1231 10:12:03,070 com.eagle.test.jclass INFO  Hi Log,Sublime Test
1231 10:16:36,375 com.eagle.test.jclass INFO  Hi Log,Sublime Test
1231 10:19:48,536 com.eagle.test.jclass INFO  Hi Log,Sublime Test
1231 10:23:10,586 com.eagle.test.jclass INFO  Hi Log,Sublime Test
1231 10:23:11,070 com.eagle.test.jclass INFO  Hi Log,Sublime Test
1231 10:23:50,477 com.eagle.test.jclass INFO  Hi Log,Sublime Test
1231 10:24:33,084 com.eagle.test.jclass INFO  Hi Log,Sublime Test
1231 10:30:20,287 com.eagle.test.jclass INFO  Hi Log,Sublime Test
1231 10:35:14,256 com.eagle.test.jclass INFO  Hi Log,Sublime Test
1231 10:35:21,354 com.eagle.test.jclass INFO  Hi Log,Sublime Test
1231 10:35:24,485 com.eagle.test.jclass INFO  Hi Log,Sublime Test
1231 10:38:47,931 com.eagle.test.jclass INFO  Hi Log,Sublime Test
1231 11:00:04,977 com.eagle.test.jclass INFO  Hi Log,Sublime Test
1231 11:00:36,206 com.eagle.test.jclass INFO  Hi Log,Sublime Test
1231 11:02:16,256 com.eagle.test.jclass INFO  Hi Log,Sublime Test
1231 11:04:04,747 com.eagle.test.jclass INFO  Hi Log,Sublime Test
1231 11:18:10,933 com.eagle.test.jclass INFO  Hi Log,Sublime Test
1231 11:50:44,288 com.eagle.test.jclass INFO  Hi Log,Sublime Test
1231 11:50:53,792 com.eagle.test.jclass INFO  Hi Log,Sublime Test
1231 11:50:56,579 com.eagle.test.jclass INFO  Hi Log,Sublime Test
1231 11:54:02,471 com.eagle.test.jclass INFO  Hi Log,Sublime Test
1231 11:54:36,671 com.eagle.test.jclass INFO  Hi Log,Sublime Test
1231 11:59:45,300 com.eagle.test.jclass INFO  Hi Log,Sublime Test
1231 12:02:42,288 com.eagle.test.jclass INFO  Hi Log,Sublime Test
1231 12:04:12,369 com.eagle.test.jclass INFO  Hi Log,Sublime Test
1231 12:05:13,391 com.eagle.test.jclass INFO  Hi Log,Sublime Test
1231 12:06:47,720 com.eagle.test.jclass INFO  Hi Log,Sublime Test
1231 12:07:36,395 com.eagle.test.jclass INFO  Hi Log,Sublime Test
1231 12:08:44,475 com.eagle.test.jclass INFO  Hi Log,Sublime Test
1231 12:09:31,138 com.eagle.test.jclass INFO  Hi Log,Sublime Test
1231 12:10:30,559 com.eagle.test.jclass INFO  Hi Log,Sublime Test
1231 12:10:57,568 com.eagle.test.jclass INFO  Hi Log,Sublime Test
1231 12:12:49,464 com.eagle.test.jclass INFO  Hi Log,Sublime Test
1231 12:30:23,609 com.eagle.test.jclass INFO  Hi Log,Sublime Test
1231 12:30:34,460 com.eagle.test.jclass INFO  Hi Log,Sublime Test
1231 12:31:37,043 com.eagle.test.jclass INFO  Hi Log,Sublime Test
1231 12:35:54,442 com.eagle.test.jclass INFO  Hi Log,Sublime Test
1231 12:41:05,681 com.eagle.test.jclass INFO  Hi Log,Sublime Test
1231 12:41:29,473 com.eagle.test.jclass INFO  Hi Log,Sublime Test
1231 12:42:25,591 com.eagle.test.jclass INFO  Hi Log,Sublime Test
1231 12:46:53,599 com.eagle.test.jclass INFO  Hi Log,Sublime Test
1231 12:58:20,756 com.eagle.test.jclass INFO  Hi Log,Sublime Test
1231 12:58:52,616 com.eagle.test.jclass INFO  Hi Log,Sublime Test
1231 13:42:01,017 com.eagle.test.jclass INFO  Hi Log,Sublime Test
1231 13:45:02,013 com.eagle.test.jclass INFO  Hi Log,Sublime Test
1231 13:48:55,936 com.eagle.test.jclass INFO  Hi Log,Sublime Test
1231 13:50:21,113 com.eagle.test.jclass INFO  Hi Log,Sublime Test
1231 13:50:59,922 com.eagle.test.jclass INFO  Hi Log,Sublime Test
1231 13:51:23,989 com.eagle.test.jclass INFO  Hi Log,Sublime Test
1231 13:52:01,358 com.eagle.test.jclass INFO  Hi Log,Sublime Test
1231 13:54:38,666 com.eagle.test.jclass INFO  Hi Log,Sublime Test
1231 13:55:20,562 com.eagle.test.jclass INFO  Hi Log,Sublime Test
1231 14:01:30,011 com.eagle.test.jclass INFO  Hi Log,Sublime Test
1231 14:03:47,164 com.eagle.test.jclass INFO  Hi Log,Sublime Test
1231 14:05:25,792 com.eagle.test.jclass INFO  Hi Log,Sublime Test
1231 14:06:23,759 com.eagle.test.jclass INFO  Hi Log,Sublime Test
1231 14:10:52,758 com.eagle.test.jclass INFO  Hi Log,Sublime Test
1231 14:11:40,569 com.eagle.test.jclass INFO  Hi Log,Sublime Test
1231 14:14:23,580 com.eagle.test.jclass INFO  Hi Log,Sublime Test
1231 14:14:57,944 com.eagle.test.jclass INFO  Hi Log,Sublime Test
1231 14:15:17,969 com.eagle.test.jclass INFO  Hi Log,Sublime Test
1231 14:15:27,950 com.eagle.test.jclass INFO  Hi Log,Sublime Test
1231 14:15:43,000 com.eagle.test.jclass INFO  Hi Log,Sublime Test
1231 14:16:01,927 com.eagle.test.jclass INFO  Hi Log,Sublime Test
1231 14:16:26,969 com.eagle.test.jclass INFO  Hi Log,Sublime Test
1231 14:16:42,667 com.eagle.test.jclass INFO  Hi Log,Sublime Test
1231 14:18:25,212 com.eagle.test.jclass INFO  Hi Log,Sublime Test
1231 14:18:40,028 com.eagle.test.jclass INFO  Hi Log,Sublime Test
1231 14:18:53,778 com.eagle.test.jclass INFO  Hi Log,Sublime Test
1231 14:19:15,157 com.eagle.test.jclass INFO  Hi Log,Sublime Test
1231 14:20:33,128 com.eagle.test.jclass INFO  Hi Log,Sublime Test
1231 14:21:12,122 com.eagle.test.jclass INFO  Hi Log,Sublime Test
1231 14:23:14,579 com.eagle.test.jclass INFO  Hi Log,Sublime Test
1231 14:24:42,615 com.eagle.test.jclass INFO  Hi Log,Sublime Test
1231 14:27:49,021 com.eagle.test.jclass INFO  Hi Log,Sublime Test
1231 14:28:08,507 com.eagle.test.jclass INFO  Hi Log,Sublime Test
1231 14:28:29,196 com.eagle.test.jclass INFO  Hi Log,Sublime Test
1231 14:28:59,558 com.eagle.test.jclass INFO  Hi Log,Sublime Test
1231 14:30:04,136 com.eagle.test.jclass INFO  Hi Log,Sublime Test
1231 14:30:19,102 com.eagle.test.jclass INFO  Hi Log,Sublime Test
1231 14:30:31,746 com.eagle.test.jclass INFO  Hi Log,Sublime Test
1231 14:30:48,662 com.eagle.test.jclass INFO  Hi Log,Sublime Test
1231 14:31:08,675 com.eagle.test.jclass INFO  Hi Log,Sublime Test
1231 14:33:07,228 com.eagle.test.jclass INFO  Hi Log,Sublime Test
1231 14:33:32,603 com.eagle.test.jclass INFO  Hi Log,Sublime Test
1231 14:33:44,727 com.eagle.test.jclass INFO  Hi Log,Sublime Test
1231 14:34:18,374 com.eagle.test.jclass INFO  Hi Log,Sublime Test
1231 14:37:44,790 com.eagle.test.jclass INFO  Hi Log,Sublime Test
1231 14:37:53,929 com.eagle.test.jclass INFO  Hi Log,Sublime Test
1231 14:38:03,355 com.eagle.test.jclass INFO  Hi Log,Sublime Test
1231 14:38:26,866 com.eagle.test.jclass INFO  Hi Log,Sublime Test
1231 15:03:45,870 com.eagle.test.jclass INFO  Hi Log,Sublime Test
1231 15:31:26,052 com.eagle.test.jclass INFO  Hi Log,Sublime Test
1231 15:31:40,238 com.eagle.test.jclass INFO  Hi Log,Sublime Test
1231 15:32:01,855 com.eagle.test.jclass INFO  Hi Log,Sublime Test
1231 15:44:49,156 com.eagle.test.jclass INFO  Hi Log,Sublime Test
1231 16:13:17,288 com.eagle.test.jclass INFO  Hi Log,Sublime Test
1231 16:17:58,497 com.eagle.test.jclass INFO  Hi Log,Sublime Test
1231 16:19:52,600 com.eagle.test.jclass INFO  Hi Log,Sublime Test
1231 17:40:47,814 com.eagle.test.jclass INFO  Hi Log,Sublime Test
0101 22:36:04,306 com.eagle.test.jclass INFO  Hi Log,Sublime Test
0101 22:36:44,103 com.eagle.test.jclass INFO  Hi Log,Sublime Test
0102 09:58:52,602 com.eagle.test.jclass INFO  Hi Log,Sublime Test
0102 09:59:01,666 com.eagle.test.jclass INFO  Hi Log,Sublime Test
0102 10:00:15,252 com.eagle.test.jclass INFO  Hi Log,Sublime Test
0102 10:00:57,326 com.eagle.test.jclass INFO  Hi Log,Sublime Test
0102 10:01:37,668 com.eagle.test.jclass INFO  Hi Log,Sublime Test
0103 14:39:05,293 com.eagle.test.jclass INFO  Hi Log,Sublime Test
0103 14:39:41,062 com.eagle.test.jclass INFO  Hi Log,Sublime Test
0103 15:00:55,646 com.eagle.test.jclass INFO  Hi Log,Sublime Test
0103 15:02:23,365 com.eagle.test.jclass INFO  Hi Log,Sublime Test
0103 15:03:06,951 com.eagle.test.jclass INFO  Hi Log,Sublime Test
0103 15:03:28,838 com.eagle.test.jclass INFO  Hi Log,Sublime Test
0103 15:03:44,547 com.eagle.test.jclass INFO  Hi Log,Sublime Test
0103 15:04:55,277 com.eagle.test.jclass INFO  Hi Log,Sublime Test
0103 15:35:35,599 com.eagle.test.jclass INFO  Hi Log,Sublime Test
0103 15:35:59,871 com.eagle.test.jclass INFO  Hi Log,Sublime Test
0103 15:36:10,839 com.eagle.test.jclass INFO  Hi Log,Sublime Test
0103 15:36:40,410 com.eagle.test.jcls INFO  Hi Log,Sublime Test
0103 15:37:52,863 com.eagle.test.jcls INFO  Hi Log,Sublime Test
0103 15:38:15,968 com.eagle.test.jcls INFO  Hi Log,Sublime Test
0103 15:38:28,113 com.eagle.test.jcls INFO  Hi Log,Sublime Test
0103 22:05:08,742 com.eagle.test.jcls INFO  Hi Log,Sublime Test
0103 22:05:36,328 com.eagle.test.jcls INFO  Hi Log,Sublime Test
0113 16:59:44,029 com.eagle.test.jcls INFO  Hi Log,Sublime Test
0113 17:00:18,306 com.eagle.test.jcls INFO  Hi Log,Sublime Test
0113 17:01:08,468 com.eagle.test.jcls INFO  Hi Log,Sublime Test
0113 17:01:20,941 com.eagle.test.jcls INFO  Hi Log,Sublime Test
0114 09:20:10,182 com.eagle.test.jcls INFO  Hi Log,Sublime Test
0114 09:20:42,673 com.eagle.test.jcls INFO  Hi Log,Sublime Test
0114 09:21:06,324 com.eagle.test.jcls INFO  Hi Log,Sublime Test
0115 17:03:46,478 com.eagle.test.jcls INFO  Hi Log,Sublime Test
0115 17:04:33,964 com.eagle.test.jcls INFO  Hi Log,Sublime Test
0115 17:05:05,748 com.eagle.test.jcls INFO  Hi Log,Sublime Test
0115 17:31:30,429 com.eagle.test.jcls INFO  Hi Log,Sublime Test
0117 13:12:37,235 com.eagle.test.jcls INFO  Hi Log,Sublime Test
0117 14:50:00,531 com.eagle.test.jcls INFO  Hi Log,Sublime Test
0117 15:18:18,485 com.eagle.test.jcls INFO  Hi Log,Sublime Test
0117 15:19:21,110 com.eagle.test.jcls INFO  Hi Log,Sublime Test
0117 15:39:15,311 com.eagle.test.jcls INFO  Hi Log,Sublime Test
0117 15:39:53,600 com.eagle.test.jcls INFO  Hi Log,Sublime Test
0117 15:40:49,446 com.eagle.test.jcls INFO  Hi Log,Sublime Test
0117 15:54:16,172 com.eagle.test.jcls INFO  Hi Log,Sublime Test
0117 15:55:17,664 com.eagle.test.jcls INFO  Hi Log,Sublime Test
0117 15:56:08,922 com.eagle.test.jcls INFO  Hi Log,Sublime Test
0117 15:57:24,649 com.eagle.test.jcls INFO  Hi Log,Sublime Test
0117 15:58:33,302 com.eagle.test.jcls INFO  Hi Log,Sublime Test
0117 15:59:28,228 com.eagle.test.jcls INFO  Hi Log,Sublime Test
0117 15:59:33,610 com.eagle.test.jcls INFO  Hi Log,Sublime Test
0117 16:00:44,989 com.eagle.test.jcls INFO  Hi Log,Sublime Test
0117 16:03:35,858 com.eagle.test.jcls INFO  Hi Log,Sublime Test
0117 16:25:39,396 com.eagle.test.jcls INFO  Hi Log,Sublime Test
0117 16:28:03,979 com.eagle.test.jcls INFO  Hi Log,Sublime Test
0117 16:34:43,409 com.eagle.test.jcls INFO  Hi Log,Sublime Test
0117 16:35:05,243 com.eagle.test.jcls INFO  Hi Log,Sublime Test
0117 16:35:57,375 com.eagle.test.jcls INFO  Hi Log,Sublime Test
0117 16:37:09,423 com.eagle.test.jcls INFO  Hi Log,Sublime Test
0117 16:37:20,113 com.eagle.test.jcls INFO  Hi Log,Sublime Test
0117 16:37:26,488 com.eagle.test.jcls INFO  Hi Log,Sublime Test
0117 16:40:11,038 com.eagle.test.jcls INFO  Hi Log,Sublime Test
0117 16:44:06,270 com.eagle.test.jcls INFO  Hi Log,Sublime Test
0117 16:44:19,308 com.eagle.test.jcls INFO  Hi Log,Sublime Test
0117 16:44:41,275 com.eagle.test.jcls INFO  Hi Log,Sublime Test
0117 16:53:17,577 com.eagle.test.jcls INFO  Hi Log,Sublime Test
0117 16:54:46,847 com.eagle.test.jcls INFO  Hi Log,Sublime Test
0117 16:56:01,784 com.eagle.test.jcls INFO  Hi Log,Sublime Test
0117 16:56:43,368 com.eagle.test.jcls INFO  Hi Log,Sublime Test
0117 16:58:29,918 com.eagle.test.jcls INFO  Hi Log,Sublime Test
0117 17:00:02,254 com.eagle.test.jcls INFO  Hi Log,Sublime Test
0117 17:02:06,492 com.eagle.test.jcls INFO  Hi Log,Sublime Test
0117 17:42:10,492 com.eagle.mysql.Mysql INFO  SEQ	CTIME	MTIME	ISVALID	GUID	DECLAREDATE	TITLE_MAIN	TITLE_SUB	TITLE_APP	AUTOR	SRC_CODE	EDIT_ORDER	QJ_NUM	SUMMARY	IS_HAND	IMPORTANT	IS_ACCE	IS_HEADLINE	IMP_NAME	GENIUS_UID	CLS_ID	AUTOR_UNIT	IS_NEWS	NEGA_POSI_MARK	CONTENT_URL	IMPORTANT_SORT	
0117 17:42:10,506 com.eagle.mysql.Mysql INFO  	5853291	2011-10-17 03:58:52.0	2009-08-25 14:33:16.0	0	-900000000000007	1900-01-01 00:00:00.0	工信部:钢铁业“药方”已定  重组意见10月出台			周丽敏	72			工信部淘汰钢铁落后产能的决心一次比一次坚决,继5月份颁布“钢铁限产令”后,以支持钢铁企业重组并购为“手段”,淘汰钢铁落后产能的政策“箭已扣弦”。
    这份....	自动	0	否	否	普通	561146780	25		2	null	null	null	
0117 17:42:10,507 com.eagle.mysql.Mysql INFO  	10030186	2012-02-23 14:44:46.0	2013-12-20 18:15:46.0	1	0	2010-07-29 14:02:52.0	LME每日库存(2010-7-27)				155	null	null		null	null	null	null		2803500660	null		2	null	null	null	
0117 17:42:10,508 com.eagle.mysql.Mysql INFO  	4004449	2011-10-16 17:59:34.0	2009-08-16 00:00:00.0	0	0000000000000000kg	2003-12-08 00:00:00.0	无效食盐流通要动“大手术”				25	null	null		null	0	否	null	普通	545086193	null		1	null	null	null	
0117 17:42:10,509 com.eagle.mysql.Mysql INFO  	4004453	2011-10-14 15:38:22.0	2009-08-16 00:00:00.0	0	0000000000000000ki	2003-12-08 00:00:00.0	无效宏观经济平稳走出通缩			苏昕,李玫,苏昕,李玫	123	null	null		null	0	否	null	普通	541765773	null	B深圳商报 ,B深圳商报	1	null	null	null	
0117 17:42:10,511 com.eagle.mysql.Mysql INFO  	4004455	2011-10-15 06:32:24.0	2009-08-16 00:00:00.0	1	0000000000000000kk	2003-12-08 00:00:00.0	把握世界经济大趋势  促进我国经济全面协调可持续发展	null	null	null	21	null	null		null	0	否	null	普通	542416557	null	null	1	null	null	null	
0117 17:42:10,512 com.eagle.mysql.Mysql INFO  	2628004	2011-10-16 05:43:15.0	2009-08-16 00:00:00.0	1	000000000000008exx	2003-10-21 00:00:00.0	中国极上要要年事	要睡	要睡^	要	74	05	6	中国极上要要年事      中国极上要要年事国    中国极上要要年事要...	null	null	null	null		543859987	null	和上在中	2	null	null	null	
0117 17:42:10,513 com.eagle.mysql.Mysql INFO  	4612012	2011-10-14 22:46:32.0	2009-08-16 00:00:00.0	1	000000000000008gwz	2004-03-11 13:52:50.0	te	null	null	null	430			st...	自动	0	否	null	普通	542028931	null	null	2	null	null	null	
0117 17:42:10,514 com.eagle.mysql.Mysql INFO  	3	2011-10-14 10:51:11.0	2009-08-16 00:00:00.0	1	00000000000000f9g6	2007-12-24 00:00:00.0	S*ST酒鬼：法人股东江苏五岳置业转让公司450万股股权			null	164	null	null	今日天胶继续大跌，终盘报24350，下跌595点，成交有所萎缩，持仓先增后减，收盘时增仓3572手。目前市场已经连续出现第七天下跌，最大下跌空间达到2820点，短期已经出现超跌，但是天胶...	自动	0	否	null	普通	541546358	null	null	2	null	null	null	
0117 17:42:10,515 com.eagle.mysql.Mysql INFO  	4	2011-12-02 10:01:41.0	2011-12-02 10:00:10.0	1	00000000000000far8	2008-02-22 00:00:00.0	创元科技：3月12日召开2008年第一次临时股东大会				164	null	null	今日国内大豆809表现弱于901，开盘后震荡走高，尾盘回落；油脂类低开高走，午盘后回落收低。大豆809收于5495，901收于4507，豆油809收于10956，棕榈油809收于10372，菜油809收于11682...	自动	0	否	null	普通	2489093853	null		2	0	null	null	
0117 17:42:10,516 com.eagle.mysql.Mysql INFO  	8735777	2011-10-16 02:52:41.0	2009-08-16 00:00:00.0	1	00000000000000jc9z	2006-02-23 00:00:00.0	巴士股份：稳定业绩和资源价值持续增长的受益者				155	null	null		null	null	null	null		543639646	null	null	1	null	null	null	
0117 17:42:10,517 com.eagle.mysql.Mysql INFO  	96617	2011-10-16 19:58:35.0	2009-08-16 00:00:00.0	1	00000000000000jccr	2006-08-14 00:00:00.0	浦发银行（600000）：业务转型稳步推进				155	null	null		null	null	null	null		545310091	null	null	1	null	null	null	
0117 17:42:10,518 com.eagle.mysql.Mysql INFO  	96618	2011-10-14 08:38:33.0	2009-08-16 00:00:00.0	1	00000000000000jcjb	2008-01-02 00:00:00.0	浦发银行：业绩增长低于预期 再融资应提上日程				155	null	null		null	null	null	null		541419641	null	null	1	null	null	null	
0117 17:42:10,519 com.eagle.mysql.Mysql INFO  	8624880	2011-10-16 00:51:07.0	2009-08-16 00:00:00.0	1	00000000000000jcsm	2008-01-07 00:00:00.0	化纤行业08年投资策略：行业前景分化 关注粘胶短纤				155	null	null		null	null	null	null		543504887	null	null	1	null	null	null	
0117 17:42:10,520 com.eagle.mysql.Mysql INFO  	8734425	2011-10-15 22:33:04.0	2009-08-16 00:00:00.0	1	00000000000000jczj	2008-01-09 00:00:00.0	古越龙山公告点评				155	null	null		null	null	null	null		543332483	null	null	1	null	null	null	
0117 17:42:10,521 com.eagle.mysql.Mysql INFO  	8624882	2011-10-14 20:46:03.0	2009-08-16 00:00:00.0	1	00000000000000jd2o	2008-01-08 00:00:00.0	2008年纯碱行业投资策略报告				155	null	null		null	null	null	null		541923204	null	null	1	null	null	null	
0117 17:42:10,522 com.eagle.mysql.Mysql INFO  	8624884	2011-10-15 07:44:18.0	2009-08-16 00:00:00.0	1	00000000000000jd3o	2008-01-09 00:00:00.0	钢铁行业：景气延续＋相对估值优势				155	null	null		null	null	null	null		542469264	null	null	1	null	null	null	
0117 17:42:10,523 com.eagle.mysql.Mysql INFO  	8624885	2011-10-17 03:04:13.0	2009-08-16 00:00:00.0	1	00000000000000jd3u	2008-01-10 00:00:00.0	电信业重组草案传闻点评：定三分隆中决策 看重组移动独大				155	null	null		null	null	null	null		546160933	null	null	1	null	null	null	
0117 17:42:10,525 com.eagle.mysql.Mysql INFO  	96619	2011-10-15 04:15:40.0	2009-08-16 00:00:00.0	1	00000000000000jd6a	2006-07-10 00:00:00.0	浦发银行中期业绩预告点评				155	null	null		null	null	null	null		542323442	null	null	1	null	null	null	
0117 17:42:10,526 com.eagle.mysql.Mysql INFO  	96620	2011-10-15 06:20:15.0	2009-08-16 00:00:00.0	1	00000000000000jd6c	2006-07-10 00:00:00.0	Ｇ浦发：中期业绩高于预期				155	null	null		null	null	null	null		542408748	null	null	1	null	null	null	
0117 17:42:10,527 com.eagle.mysql.Mysql INFO  	96621	2011-10-17 02:27:14.0	2009-08-16 00:00:00.0	1	00000000000000jd6l	2006-07-10 00:00:00.0	G浦发：业绩快报符合预期				155	null	null		null	null	null	null		546091178	null	null	1	null	null	null	
0117 17:42:29,561 com.eagle.mysql.Mysql INFO  SEQ	CTIME	MTIME	ISVALID	GUID	DECLAREDATE	TITLE_MAIN	TITLE_SUB	TITLE_APP	AUTOR	SRC_CODE	EDIT_ORDER	QJ_NUM	SUMMARY	IS_HAND	IMPORTANT	IS_ACCE	IS_HEADLINE	IMP_NAME	GENIUS_UID	CLS_ID	AUTOR_UNIT	IS_NEWS	NEGA_POSI_MARK	CONTENT_URL	IMPORTANT_SORT	
0117 17:42:29,574 com.eagle.mysql.Mysql INFO  	5853291	2011-10-17 03:58:52.0	2009-08-25 14:33:16.0	0	-900000000000007	1900-01-01 00:00:00.0	工信部:钢铁业“药方”已定  重组意见10月出台			周丽敏	72			工信部淘汰钢铁落后产能的决心一次比一次坚决,继5月份颁布“钢铁限产令”后,以支持钢铁企业重组并购为“手段”,淘汰钢铁落后产能的政策“箭已扣弦”。
    这份....	自动	0	否	否	普通	561146780	25		2	null	null	null	
0117 17:42:29,575 com.eagle.mysql.Mysql INFO  	10030186	2012-02-23 14:44:46.0	2013-12-20 18:15:46.0	1	0	2010-07-29 14:02:52.0	LME每日库存(2010-7-27)				155	null	null		null	null	null	null		2803500660	null		2	null	null	null	
0117 17:42:29,576 com.eagle.mysql.Mysql INFO  	4004449	2011-10-16 17:59:34.0	2009-08-16 00:00:00.0	0	0000000000000000kg	2003-12-08 00:00:00.0	无效食盐流通要动“大手术”				25	null	null		null	0	否	null	普通	545086193	null		1	null	null	null	
0117 17:42:29,578 com.eagle.mysql.Mysql INFO  	4004453	2011-10-14 15:38:22.0	2009-08-16 00:00:00.0	0	0000000000000000ki	2003-12-08 00:00:00.0	无效宏观经济平稳走出通缩			苏昕,李玫,苏昕,李玫	123	null	null		null	0	否	null	普通	541765773	null	B深圳商报 ,B深圳商报	1	null	null	null	
0117 17:42:29,579 com.eagle.mysql.Mysql INFO  	4004455	2011-10-15 06:32:24.0	2009-08-16 00:00:00.0	1	0000000000000000kk	2003-12-08 00:00:00.0	把握世界经济大趋势  促进我国经济全面协调可持续发展	null	null	null	21	null	null		null	0	否	null	普通	542416557	null	null	1	null	null	null	
0117 17:42:29,580 com.eagle.mysql.Mysql INFO  	2628004	2011-10-16 05:43:15.0	2009-08-16 00:00:00.0	1	000000000000008exx	2003-10-21 00:00:00.0	中国极上要要年事	要睡	要睡^	要	74	05	6	中国极上要要年事      中国极上要要年事国    中国极上要要年事要...	null	null	null	null		543859987	null	和上在中	2	null	null	null	
0117 17:42:29,581 com.eagle.mysql.Mysql INFO  	4612012	2011-10-14 22:46:32.0	2009-08-16 00:00:00.0	1	000000000000008gwz	2004-03-11 13:52:50.0	te	null	null	null	430			st...	自动	0	否	null	普通	542028931	null	null	2	null	null	null	
0117 17:42:29,582 com.eagle.mysql.Mysql INFO  	3	2011-10-14 10:51:11.0	2009-08-16 00:00:00.0	1	00000000000000f9g6	2007-12-24 00:00:00.0	S*ST酒鬼：法人股东江苏五岳置业转让公司450万股股权			null	164	null	null	今日天胶继续大跌，终盘报24350，下跌595点，成交有所萎缩，持仓先增后减，收盘时增仓3572手。目前市场已经连续出现第七天下跌，最大下跌空间达到2820点，短期已经出现超跌，但是天胶...	自动	0	否	null	普通	541546358	null	null	2	null	null	null	
0117 17:42:29,583 com.eagle.mysql.Mysql INFO  	4	2011-12-02 10:01:41.0	2011-12-02 10:00:10.0	1	00000000000000far8	2008-02-22 00:00:00.0	创元科技：3月12日召开2008年第一次临时股东大会				164	null	null	今日国内大豆809表现弱于901，开盘后震荡走高，尾盘回落；油脂类低开高走，午盘后回落收低。大豆809收于5495，901收于4507，豆油809收于10956，棕榈油809收于10372，菜油809收于11682...	自动	0	否	null	普通	2489093853	null		2	0	null	null	
0117 17:42:29,584 com.eagle.mysql.Mysql INFO  	8735777	2011-10-16 02:52:41.0	2009-08-16 00:00:00.0	1	00000000000000jc9z	2006-02-23 00:00:00.0	巴士股份：稳定业绩和资源价值持续增长的受益者				155	null	null		null	null	null	null		543639646	null	null	1	null	null	null	
0117 17:42:29,585 com.eagle.mysql.Mysql INFO  	96617	2011-10-16 19:58:35.0	2009-08-16 00:00:00.0	1	00000000000000jccr	2006-08-14 00:00:00.0	浦发银行（600000）：业务转型稳步推进				155	null	null		null	null	null	null		545310091	null	null	1	null	null	null	
0117 17:42:29,586 com.eagle.mysql.Mysql INFO  	96618	2011-10-14 08:38:33.0	2009-08-16 00:00:00.0	1	00000000000000jcjb	2008-01-02 00:00:00.0	浦发银行：业绩增长低于预期 再融资应提上日程				155	null	null		null	null	null	null		541419641	null	null	1	null	null	null	
0117 17:42:29,587 com.eagle.mysql.Mysql INFO  	8624880	2011-10-16 00:51:07.0	2009-08-16 00:00:00.0	1	00000000000000jcsm	2008-01-07 00:00:00.0	化纤行业08年投资策略：行业前景分化 关注粘胶短纤				155	null	null		null	null	null	null		543504887	null	null	1	null	null	null	
0117 17:42:29,589 com.eagle.mysql.Mysql INFO  	8734425	2011-10-15 22:33:04.0	2009-08-16 00:00:00.0	1	00000000000000jczj	2008-01-09 00:00:00.0	古越龙山公告点评				155	null	null		null	null	null	null		543332483	null	null	1	null	null	null	
0117 17:42:29,590 com.eagle.mysql.Mysql INFO  	8624882	2011-10-14 20:46:03.0	2009-08-16 00:00:00.0	1	00000000000000jd2o	2008-01-08 00:00:00.0	2008年纯碱行业投资策略报告				155	null	null		null	null	null	null		541923204	null	null	1	null	null	null	
0117 17:42:29,621 com.eagle.mysql.Mysql INFO  	8624884	2011-10-15 07:44:18.0	2009-08-16 00:00:00.0	1	00000000000000jd3o	2008-01-09 00:00:00.0	钢铁行业：景气延续＋相对估值优势				155	null	null		null	null	null	null		542469264	null	null	1	null	null	null	
0117 17:42:29,622 com.eagle.mysql.Mysql INFO  	8624885	2011-10-17 03:04:13.0	2009-08-16 00:00:00.0	1	00000000000000jd3u	2008-01-10 00:00:00.0	电信业重组草案传闻点评：定三分隆中决策 看重组移动独大				155	null	null		null	null	null	null		546160933	null	null	1	null	null	null	
0117 17:42:29,623 com.eagle.mysql.Mysql INFO  	96619	2011-10-15 04:15:40.0	2009-08-16 00:00:00.0	1	00000000000000jd6a	2006-07-10 00:00:00.0	浦发银行中期业绩预告点评				155	null	null		null	null	null	null		542323442	null	null	1	null	null	null	
0117 17:42:29,624 com.eagle.mysql.Mysql INFO  	96620	2011-10-15 06:20:15.0	2009-08-16 00:00:00.0	1	00000000000000jd6c	2006-07-10 00:00:00.0	Ｇ浦发：中期业绩高于预期				155	null	null		null	null	null	null		542408748	null	null	1	null	null	null	
0117 17:42:29,645 com.eagle.mysql.Mysql INFO  	96621	2011-10-17 02:27:14.0	2009-08-16 00:00:00.0	1	00000000000000jd6l	2006-07-10 00:00:00.0	G浦发：业绩快报符合预期				155	null	null		null	null	null	null		546091178	null	null	1	null	null	null	
0117 17:43:00,446 com.eagle.mysql.Mysql INFO  SEQ	CTIME	MTIME	ISVALID	GUID	DECLAREDATE	TITLE_MAIN	TITLE_SUB	TITLE_APP	AUTOR	SRC_CODE	EDIT_ORDER	QJ_NUM	SUMMARY	IS_HAND	IMPORTANT	IS_ACCE	IS_HEADLINE	IMP_NAME	GENIUS_UID	CLS_ID	AUTOR_UNIT	IS_NEWS	NEGA_POSI_MARK	CONTENT_URL	IMPORTANT_SORT	
0117 17:43:00,457 com.eagle.mysql.Mysql INFO  	5853291	2011-10-17 03:58:52.0	2009-08-25 14:33:16.0	0	-900000000000007	1900-01-01 00:00:00.0	工信部:钢铁业“药方”已定  重组意见10月出台			周丽敏	72			工信部淘汰钢铁落后产能的决心一次比一次坚决,继5月份颁布“钢铁限产令”后,以支持钢铁企业重组并购为“手段”,淘汰钢铁落后产能的政策“箭已扣弦”。
    这份....	自动	0	否	否	普通	561146780	25		2	null	null	null	
0117 17:43:00,459 com.eagle.mysql.Mysql INFO  	10030186	2012-02-23 14:44:46.0	2013-12-20 18:15:46.0	1	0	2010-07-29 14:02:52.0	LME每日库存(2010-7-27)				155	null	null		null	null	null	null		2803500660	null		2	null	null	null	
0117 17:43:00,460 com.eagle.mysql.Mysql INFO  	4004449	2011-10-16 17:59:34.0	2009-08-16 00:00:00.0	0	0000000000000000kg	2003-12-08 00:00:00.0	无效食盐流通要动“大手术”				25	null	null		null	0	否	null	普通	545086193	null		1	null	null	null	
0117 17:43:00,461 com.eagle.mysql.Mysql INFO  	4004453	2011-10-14 15:38:22.0	2009-08-16 00:00:00.0	0	0000000000000000ki	2003-12-08 00:00:00.0	无效宏观经济平稳走出通缩			苏昕,李玫,苏昕,李玫	123	null	null		null	0	否	null	普通	541765773	null	B深圳商报 ,B深圳商报	1	null	null	null	
0117 17:43:00,462 com.eagle.mysql.Mysql INFO  	4004455	2011-10-15 06:32:24.0	2009-08-16 00:00:00.0	1	0000000000000000kk	2003-12-08 00:00:00.0	把握世界经济大趋势  促进我国经济全面协调可持续发展	null	null	null	21	null	null		null	0	否	null	普通	542416557	null	null	1	null	null	null	
0117 17:43:00,463 com.eagle.mysql.Mysql INFO  	2628004	2011-10-16 05:43:15.0	2009-08-16 00:00:00.0	1	000000000000008exx	2003-10-21 00:00:00.0	中国极上要要年事	要睡	要睡^	要	74	05	6	中国极上要要年事      中国极上要要年事国    中国极上要要年事要...	null	null	null	null		543859987	null	和上在中	2	null	null	null	
0117 17:43:00,464 com.eagle.mysql.Mysql INFO  	4612012	2011-10-14 22:46:32.0	2009-08-16 00:00:00.0	1	000000000000008gwz	2004-03-11 13:52:50.0	te	null	null	null	430			st...	自动	0	否	null	普通	542028931	null	null	2	null	null	null	
0117 17:43:00,465 com.eagle.mysql.Mysql INFO  	3	2011-10-14 10:51:11.0	2009-08-16 00:00:00.0	1	00000000000000f9g6	2007-12-24 00:00:00.0	S*ST酒鬼：法人股东江苏五岳置业转让公司450万股股权			null	164	null	null	今日天胶继续大跌，终盘报24350，下跌595点，成交有所萎缩，持仓先增后减，收盘时增仓3572手。目前市场已经连续出现第七天下跌，最大下跌空间达到2820点，短期已经出现超跌，但是天胶...	自动	0	否	null	普通	541546358	null	null	2	null	null	null	
0117 17:43:00,466 com.eagle.mysql.Mysql INFO  	4	2011-12-02 10:01:41.0	2011-12-02 10:00:10.0	1	00000000000000far8	2008-02-22 00:00:00.0	创元科技：3月12日召开2008年第一次临时股东大会				164	null	null	今日国内大豆809表现弱于901，开盘后震荡走高，尾盘回落；油脂类低开高走，午盘后回落收低。大豆809收于5495，901收于4507，豆油809收于10956，棕榈油809收于10372，菜油809收于11682...	自动	0	否	null	普通	2489093853	null		2	0	null	null	
0117 17:43:00,467 com.eagle.mysql.Mysql INFO  	8735777	2011-10-16 02:52:41.0	2009-08-16 00:00:00.0	1	00000000000000jc9z	2006-02-23 00:00:00.0	巴士股份：稳定业绩和资源价值持续增长的受益者				155	null	null		null	null	null	null		543639646	null	null	1	null	null	null	
0117 17:43:00,467 com.eagle.mysql.Mysql INFO  	96617	2011-10-16 19:58:35.0	2009-08-16 00:00:00.0	1	00000000000000jccr	2006-08-14 00:00:00.0	浦发银行（600000）：业务转型稳步推进				155	null	null		null	null	null	null		545310091	null	null	1	null	null	null	
0117 17:43:00,468 com.eagle.mysql.Mysql INFO  	96618	2011-10-14 08:38:33.0	2009-08-16 00:00:00.0	1	00000000000000jcjb	2008-01-02 00:00:00.0	浦发银行：业绩增长低于预期 再融资应提上日程				155	null	null		null	null	null	null		541419641	null	null	1	null	null	null	
0117 17:43:00,469 com.eagle.mysql.Mysql INFO  	8624880	2011-10-16 00:51:07.0	2009-08-16 00:00:00.0	1	00000000000000jcsm	2008-01-07 00:00:00.0	化纤行业08年投资策略：行业前景分化 关注粘胶短纤				155	null	null		null	null	null	null		543504887	null	null	1	null	null	null	
0117 17:43:00,470 com.eagle.mysql.Mysql INFO  	8734425	2011-10-15 22:33:04.0	2009-08-16 00:00:00.0	1	00000000000000jczj	2008-01-09 00:00:00.0	古越龙山公告点评				155	null	null		null	null	null	null		543332483	null	null	1	null	null	null	
0117 17:43:00,471 com.eagle.mysql.Mysql INFO  	8624882	2011-10-14 20:46:03.0	2009-08-16 00:00:00.0	1	00000000000000jd2o	2008-01-08 00:00:00.0	2008年纯碱行业投资策略报告				155	null	null		null	null	null	null		541923204	null	null	1	null	null	null	
0117 17:43:00,489 com.eagle.mysql.Mysql INFO  	8624884	2011-10-15 07:44:18.0	2009-08-16 00:00:00.0	1	00000000000000jd3o	2008-01-09 00:00:00.0	钢铁行业：景气延续＋相对估值优势				155	null	null		null	null	null	null		542469264	null	null	1	null	null	null	
0117 17:43:00,489 com.eagle.mysql.Mysql INFO  	8624885	2011-10-17 03:04:13.0	2009-08-16 00:00:00.0	1	00000000000000jd3u	2008-01-10 00:00:00.0	电信业重组草案传闻点评：定三分隆中决策 看重组移动独大				155	null	null		null	null	null	null		546160933	null	null	1	null	null	null	
0117 17:43:00,490 com.eagle.mysql.Mysql INFO  	96619	2011-10-15 04:15:40.0	2009-08-16 00:00:00.0	1	00000000000000jd6a	2006-07-10 00:00:00.0	浦发银行中期业绩预告点评				155	null	null		null	null	null	null		542323442	null	null	1	null	null	null	
0117 17:43:00,492 com.eagle.mysql.Mysql INFO  	96620	2011-10-15 06:20:15.0	2009-08-16 00:00:00.0	1	00000000000000jd6c	2006-07-10 00:00:00.0	Ｇ浦发：中期业绩高于预期				155	null	null		null	null	null	null		542408748	null	null	1	null	null	null	
0117 17:43:00,493 com.eagle.mysql.Mysql INFO  	96621	2011-10-17 02:27:14.0	2009-08-16 00:00:00.0	1	00000000000000jd6l	2006-07-10 00:00:00.0	G浦发：业绩快报符合预期				155	null	null		null	null	null	null		546091178	null	null	1	null	null	null	
0117 17:43:18,745 com.eagle.mysql.Mysql INFO  SEQ	CTIME	MTIME	ISVALID	GUID	DECLAREDATE	TITLE_MAIN	TITLE_SUB	TITLE_APP	AUTOR	SRC_CODE	EDIT_ORDER	QJ_NUM	SUMMARY	IS_HAND	IMPORTANT	IS_ACCE	IS_HEADLINE	IMP_NAME	GENIUS_UID	CLS_ID	AUTOR_UNIT	IS_NEWS	NEGA_POSI_MARK	CONTENT_URL	IMPORTANT_SORT	
0117 17:43:18,762 com.eagle.mysql.Mysql INFO  	5853291	2011-10-17 03:58:52.0	2009-08-25 14:33:16.0	0	-900000000000007	1900-01-01 00:00:00.0	工信部:钢铁业“药方”已定  重组意见10月出台			周丽敏	72			工信部淘汰钢铁落后产能的决心一次比一次坚决,继5月份颁布“钢铁限产令”后,以支持钢铁企业重组并购为“手段”,淘汰钢铁落后产能的政策“箭已扣弦”。
    这份....	自动	0	否	否	普通	561146780	25		2	null	null	null	
0117 17:43:18,763 com.eagle.mysql.Mysql INFO  	10030186	2012-02-23 14:44:46.0	2013-12-20 18:15:46.0	1	0	2010-07-29 14:02:52.0	LME每日库存(2010-7-27)				155	null	null		null	null	null	null		2803500660	null		2	null	null	null	
0117 17:43:18,764 com.eagle.mysql.Mysql INFO  	4004449	2011-10-16 17:59:34.0	2009-08-16 00:00:00.0	0	0000000000000000kg	2003-12-08 00:00:00.0	无效食盐流通要动“大手术”				25	null	null		null	0	否	null	普通	545086193	null		1	null	null	null	
0117 17:43:18,764 com.eagle.mysql.Mysql INFO  	4004453	2011-10-14 15:38:22.0	2009-08-16 00:00:00.0	0	0000000000000000ki	2003-12-08 00:00:00.0	无效宏观经济平稳走出通缩			苏昕,李玫,苏昕,李玫	123	null	null		null	0	否	null	普通	541765773	null	B深圳商报 ,B深圳商报	1	null	null	null	
0117 17:43:18,765 com.eagle.mysql.Mysql INFO  	4004455	2011-10-15 06:32:24.0	2009-08-16 00:00:00.0	1	0000000000000000kk	2003-12-08 00:00:00.0	把握世界经济大趋势  促进我国经济全面协调可持续发展	null	null	null	21	null	null		null	0	否	null	普通	542416557	null	null	1	null	null	null	
0117 17:43:18,766 com.eagle.mysql.Mysql INFO  	2628004	2011-10-16 05:43:15.0	2009-08-16 00:00:00.0	1	000000000000008exx	2003-10-21 00:00:00.0	中国极上要要年事	要睡	要睡^	要	74	05	6	中国极上要要年事      中国极上要要年事国    中国极上要要年事要...	null	null	null	null		543859987	null	和上在中	2	null	null	null	
0117 17:43:18,767 com.eagle.mysql.Mysql INFO  	4612012	2011-10-14 22:46:32.0	2009-08-16 00:00:00.0	1	000000000000008gwz	2004-03-11 13:52:50.0	te	null	null	null	430			st...	自动	0	否	null	普通	542028931	null	null	2	null	null	null	
0117 17:43:18,768 com.eagle.mysql.Mysql INFO  	3	2011-10-14 10:51:11.0	2009-08-16 00:00:00.0	1	00000000000000f9g6	2007-12-24 00:00:00.0	S*ST酒鬼：法人股东江苏五岳置业转让公司450万股股权			null	164	null	null	今日天胶继续大跌，终盘报24350，下跌595点，成交有所萎缩，持仓先增后减，收盘时增仓3572手。目前市场已经连续出现第七天下跌，最大下跌空间达到2820点，短期已经出现超跌，但是天胶...	自动	0	否	null	普通	541546358	null	null	2	null	null	null	
0117 17:43:18,769 com.eagle.mysql.Mysql INFO  	4	2011-12-02 10:01:41.0	2011-12-02 10:00:10.0	1	00000000000000far8	2008-02-22 00:00:00.0	创元科技：3月12日召开2008年第一次临时股东大会				164	null	null	今日国内大豆809表现弱于901，开盘后震荡走高，尾盘回落；油脂类低开高走，午盘后回落收低。大豆809收于5495，901收于4507，豆油809收于10956，棕榈油809收于10372，菜油809收于11682...	自动	0	否	null	普通	2489093853	null		2	0	null	null	
0117 17:43:18,770 com.eagle.mysql.Mysql INFO  	8735777	2011-10-16 02:52:41.0	2009-08-16 00:00:00.0	1	00000000000000jc9z	2006-02-23 00:00:00.0	巴士股份：稳定业绩和资源价值持续增长的受益者				155	null	null		null	null	null	null		543639646	null	null	1	null	null	null	
0117 17:43:18,771 com.eagle.mysql.Mysql INFO  	96617	2011-10-16 19:58:35.0	2009-08-16 00:00:00.0	1	00000000000000jccr	2006-08-14 00:00:00.0	浦发银行（600000）：业务转型稳步推进				155	null	null		null	null	null	null		545310091	null	null	1	null	null	null	
0117 17:43:18,772 com.eagle.mysql.Mysql INFO  	96618	2011-10-14 08:38:33.0	2009-08-16 00:00:00.0	1	00000000000000jcjb	2008-01-02 00:00:00.0	浦发银行：业绩增长低于预期 再融资应提上日程				155	null	null		null	null	null	null		541419641	null	null	1	null	null	null	
0117 17:43:18,773 com.eagle.mysql.Mysql INFO  	8624880	2011-10-16 00:51:07.0	2009-08-16 00:00:00.0	1	00000000000000jcsm	2008-01-07 00:00:00.0	化纤行业08年投资策略：行业前景分化 关注粘胶短纤				155	null	null		null	null	null	null		543504887	null	null	1	null	null	null	
0117 17:43:18,776 com.eagle.mysql.Mysql INFO  	8734425	2011-10-15 22:33:04.0	2009-08-16 00:00:00.0	1	00000000000000jczj	2008-01-09 00:00:00.0	古越龙山公告点评				155	null	null		null	null	null	null		543332483	null	null	1	null	null	null	
0117 17:43:18,777 com.eagle.mysql.Mysql INFO  	8624882	2011-10-14 20:46:03.0	2009-08-16 00:00:00.0	1	00000000000000jd2o	2008-01-08 00:00:00.0	2008年纯碱行业投资策略报告				155	null	null		null	null	null	null		541923204	null	null	1	null	null	null	
0117 17:43:18,817 com.eagle.mysql.Mysql INFO  	8624884	2011-10-15 07:44:18.0	2009-08-16 00:00:00.0	1	00000000000000jd3o	2008-01-09 00:00:00.0	钢铁行业：景气延续＋相对估值优势				155	null	null		null	null	null	null		542469264	null	null	1	null	null	null	
0117 17:43:18,818 com.eagle.mysql.Mysql INFO  	8624885	2011-10-17 03:04:13.0	2009-08-16 00:00:00.0	1	00000000000000jd3u	2008-01-10 00:00:00.0	电信业重组草案传闻点评：定三分隆中决策 看重组移动独大				155	null	null		null	null	null	null		546160933	null	null	1	null	null	null	
0117 17:43:18,819 com.eagle.mysql.Mysql INFO  	96619	2011-10-15 04:15:40.0	2009-08-16 00:00:00.0	1	00000000000000jd6a	2006-07-10 00:00:00.0	浦发银行中期业绩预告点评				155	null	null		null	null	null	null		542323442	null	null	1	null	null	null	
0117 17:43:18,820 com.eagle.mysql.Mysql INFO  	96620	2011-10-15 06:20:15.0	2009-08-16 00:00:00.0	1	00000000000000jd6c	2006-07-10 00:00:00.0	Ｇ浦发：中期业绩高于预期				155	null	null		null	null	null	null		542408748	null	null	1	null	null	null	
0117 17:43:18,846 com.eagle.mysql.Mysql INFO  	96621	2011-10-17 02:27:14.0	2009-08-16 00:00:00.0	1	00000000000000jd6l	2006-07-10 00:00:00.0	G浦发：业绩快报符合预期				155	null	null		null	null	null	null		546091178	null	null	1	null	null	null	
0118 09:13:56,803 com.eagle.mysql.Mysql ERROR ERROR:Connect DataBase Failed!
0118 09:16:51,674 com.eagle.mysql.Mysql ERROR ERROR:Connect DataBase Failed!
0118 09:18:43,075 com.eagle.mysql.Mysql ERROR ERROR:Connect DataBase Failed!
0118 09:20:21,730 com.eagle.mysql.Mysql ERROR ERROR:Connect DataBase Failed!
0118 09:21:51,610 com.eagle.mysql.Mysql ERROR ERROR:Connect DataBase Failed!
